<?xml version="1.0" encoding="UTF-8"?>
<!-- Generated by org.testng.reporters.JUnitReportReporter -->
<testsuite hostname="DESKTOP-R5I3O4F" failures="0" tests="3" name="testPackage.TestNG2" time="0.014" errors="0" timestamp="2022-09-14T17:56:33 IST" skipped="0">
  <testcase classname="testPackage.TestNG2" name="testA" time="0.008"/>
  <system-out/>
  <testcase classname="testPackage.TestNG2" name="testB" time="0.003"/>
  <system-out/>
  <testcase classname="testPackage.TestNG2" name="testC" time="0.003"/>
  <system-out/>
</testsuite> <!-- testPackage.TestNG2 -->
